# JRE version: OpenJDK Runtime Environment (8.0_242-b01) (build 1.8.0_242-release-1644-b01)
# Java VM: OpenJDK 64-Bit Server VM (25.242-b01 mixed mode windows-amd64 compressed oops)
Heap:
 PSYoungGen      total 262656K, used 118047K [0x00000000d5580000, 0x00000000ed080000, 0x0000000100000000)
  eden space 248832K, 41% used [0x00000000d5580000,0x00000000dbb4e048,0x00000000e4880000)
  from space 13824K, 99% used [0x00000000e4880000,0x00000000e55f9dc8,0x00000000e5600000)
  to   space 17408K, 0% used [0x00000000ebf80000,0x00000000ebf80000,0x00000000ed080000)
 ParOldGen       total 66048K, used 18469K [0x0000000080000000, 0x0000000084080000, 0x00000000d5580000)
  object space 66048K, 27% used [0x0000000080000000,0x00000000812096d0,0x0000000084080000)
 Metaspace       used 54312K, capacity 56450K, committed 56536K, reserved 1097728K
  class space    used 7228K, capacity 7654K, committed 7680K, reserved 1048576K
GC Heap History (10 events):
Event: 4.241 GC heap before
{Heap before GC invocations=7 (full 1):
 PSYoungGen      total 140288K, used 4016K [0x00000000d5580000, 0x00000000de880000, 0x0000000100000000)
  eden space 130048K, 0% used [0x00000000d5580000,0x00000000d5580000,0x00000000dd480000)
  from space 10240K, 39% used [0x00000000dde80000,0x00000000de26c040,0x00000000de880000)
  to   space 10240K, 0% used [0x00000000dd480000,0x00000000dd480000,0x00000000dde80000)
 ParOldGen       total 87552K, used 10173K [0x0000000080000000, 0x0000000085580000, 0x00000000d5580000)
  object space 87552K, 11% used [0x0000000080000000,0x00000000809ef718,0x0000000085580000)
 Metaspace       used 20480K, capacity 21204K, committed 21248K, reserved 1067008K
  class space    used 2859K, capacity 3048K, committed 3072K, reserved 1048576K
Event: 4.273 GC heap after
Heap after GC invocations=7 (full 1):
 PSYoungGen      total 140288K, used 0K [0x00000000d5580000, 0x00000000de880000, 0x0000000100000000)
  eden space 130048K, 0% used [0x00000000d5580000,0x00000000d5580000,0x00000000dd480000)
  from space 10240K, 0% used [0x00000000dde80000,0x00000000dde80000,0x00000000de880000)
  to   space 10240K, 0% used [0x00000000dd480000,0x00000000dd480000,0x00000000dde80000)
 ParOldGen       total 48640K, used 7780K [0x0000000080000000, 0x0000000082f80000, 0x00000000d5580000)
  object space 48640K, 15% used [0x0000000080000000,0x0000000080799368,0x0000000082f80000)
 Metaspace       used 20480K, capacity 21204K, committed 21248K, reserved 1067008K
  class space    used 2859K, capacity 3048K, committed 3072K, reserved 1048576K
}
Event: 5.900 GC heap before
{Heap before GC invocations=8 (full 1):
 PSYoungGen      total 140288K, used 130048K [0x00000000d5580000, 0x00000000de880000, 0x0000000100000000)
  eden space 130048K, 100% used [0x00000000d5580000,0x00000000dd480000,0x00000000dd480000)
  from space 10240K, 0% used [0x00000000dde80000,0x00000000dde80000,0x00000000de880000)
  to   space 10240K, 0% used [0x00000000dd480000,0x00000000dd480000,0x00000000dde80000)
 ParOldGen       total 48640K, used 7780K [0x0000000080000000, 0x0000000082f80000, 0x00000000d5580000)
  object space 48640K, 15% used [0x0000000080000000,0x0000000080799368,0x0000000082f80000)
 Metaspace       used 32664K, capacity 33718K, committed 33920K, reserved 1079296K
  class space    used 4455K, capacity 4723K, committed 4736K, reserved 1048576K
Event: 5.917 GC heap after
Heap after GC invocations=8 (full 1):
 PSYoungGen      total 140288K, used 10227K [0x00000000d5580000, 0x00000000e6580000, 0x0000000100000000)
  eden space 130048K, 0% used [0x00000000d5580000,0x00000000d5580000,0x00000000dd480000)
  from space 10240K, 99% used [0x00000000dd480000,0x00000000dde7cf30,0x00000000dde80000)
  to   space 13824K, 0% used [0x00000000e5800000,0x00000000e5800000,0x00000000e6580000)
 ParOldGen       total 48640K, used 11779K [0x0000000080000000, 0x0000000082f80000, 0x00000000d5580000)
  object space 48640K, 24% used [0x0000000080000000,0x0000000080b80e08,0x0000000082f80000)
 Metaspace       used 32664K, capacity 33718K, committed 33920K, reserved 1079296K
  class space    used 4455K, capacity 4723K, committed 4736K, reserved 1048576K
}
Event: 6.562 GC heap before
{Heap before GC invocations=9 (full 1):
 PSYoungGen      total 140288K, used 47222K [0x00000000d5580000, 0x00000000e6580000, 0x0000000100000000)
  eden space 130048K, 28% used [0x00000000d5580000,0x00000000d79a08d0,0x00000000dd480000)
  from space 10240K, 99% used [0x00000000dd480000,0x00000000dde7cf30,0x00000000dde80000)
  to   space 13824K, 0% used [0x00000000e5800000,0x00000000e5800000,0x00000000e6580000)
 ParOldGen       total 48640K, used 11779K [0x0000000080000000, 0x0000000082f80000, 0x00000000d5580000)
  object space 48640K, 24% used [0x0000000080000000,0x0000000080b80e08,0x0000000082f80000)
 Metaspace       used 34215K, capacity 35392K, committed 35416K, reserved 1079296K
  class space    used 4712K, capacity 4973K, committed 4992K, reserved 1048576K
Event: 6.578 GC heap after
Heap after GC invocations=9 (full 1):
 PSYoungGen      total 260608K, used 8875K [0x00000000d5580000, 0x00000000e6380000, 0x0000000100000000)
  eden space 248832K, 0% used [0x00000000d5580000,0x00000000d5580000,0x00000000e4880000)
  from space 11776K, 75% used [0x00000000e5800000,0x00000000e60aafe8,0x00000000e6380000)
  to   space 13824K, 0% used [0x00000000e4880000,0x00000000e4880000,0x00000000e5600000)
 ParOldGen       total 48640K, used 11787K [0x0000000080000000, 0x0000000082f80000, 0x00000000d5580000)
  object space 48640K, 24% used [0x0000000080000000,0x0000000080b82e08,0x0000000082f80000)
 Metaspace       used 34215K, capacity 35392K, committed 35416K, reserved 1079296K
  class space    used 4712K, capacity 4973K, committed 4992K, reserved 1048576K
}
Event: 6.578 GC heap before
{Heap before GC invocations=10 (full 2):
 PSYoungGen      total 260608K, used 8875K [0x00000000d5580000, 0x00000000e6380000, 0x0000000100000000)
  eden space 248832K, 0% used [0x00000000d5580000,0x00000000d5580000,0x00000000e4880000)
  from space 11776K, 75% used [0x00000000e5800000,0x00000000e60aafe8,0x00000000e6380000)
  to   space 13824K, 0% used [0x00000000e4880000,0x00000000e4880000,0x00000000e5600000)
 ParOldGen       total 48640K, used 11787K [0x0000000080000000, 0x0000000082f80000, 0x00000000d5580000)
  object space 48640K, 24% used [0x0000000080000000,0x0000000080b82e08,0x0000000082f80000)
 Metaspace       used 34215K, capacity 35392K, committed 35416K, reserved 1079296K
  class space    used 4712K, capacity 4973K, committed 4992K, reserved 1048576K
Event: 6.688 GC heap after
Heap after GC invocations=10 (full 2):
 PSYoungGen      total 260608K, used 0K [0x00000000d5580000, 0x00000000e6380000, 0x0000000100000000)
  eden space 248832K, 0% used [0x00000000d5580000,0x00000000d5580000,0x00000000e4880000)
  from space 11776K, 0% used [0x00000000e5800000,0x00000000e5800000,0x00000000e6380000)
  to   space 13824K, 0% used [0x00000000e4880000,0x00000000e4880000,0x00000000e5600000)
 ParOldGen       total 66048K, used 15112K [0x0000000080000000, 0x0000000084080000, 0x00000000d5580000)
  object space 66048K, 22% used [0x0000000080000000,0x0000000080ec23a0,0x0000000084080000)
 Metaspace       used 34215K, capacity 35392K, committed 35416K, reserved 1079296K
  class space    used 4712K, capacity 4973K, committed 4992K, reserved 1048576K
}
Event: 9.845 GC heap before
{Heap before GC invocations=11 (full 2):
 PSYoungGen      total 260608K, used 248832K [0x00000000d5580000, 0x00000000e6380000, 0x0000000100000000)
  eden space 248832K, 100% used [0x00000000d5580000,0x00000000e4880000,0x00000000e4880000)
  from space 11776K, 0% used [0x00000000e5800000,0x00000000e5800000,0x00000000e6380000)
  to   space 13824K, 0% used [0x00000000e4880000,0x00000000e4880000,0x00000000e5600000)
 ParOldGen       total 66048K, used 15112K [0x0000000080000000, 0x0000000084080000, 0x00000000d5580000)
  object space 66048K, 22% used [0x0000000080000000,0x0000000080ec23a0,0x0000000084080000)
 Metaspace       used 46082K, capacity 47814K, committed 48088K, reserved 1091584K
  class space    used 6221K, capacity 6545K, committed 6656K, reserved 1048576K
Event: 9.875 GC heap after
Heap after GC invocations=11 (full 2):
 PSYoungGen      total 262656K, used 13799K [0x00000000d5580000, 0x00000000ed080000, 0x0000000100000000)
  eden space 248832K, 0% used [0x00000000d5580000,0x00000000d5580000,0x00000000e4880000)
  from space 13824K, 99% used [0x00000000e4880000,0x00000000e55f9dc8,0x00000000e5600000)
  to   space 17408K, 0% used [0x00000000ebf80000,0x00000000ebf80000,0x00000000ed080000)
 ParOldGen       total 66048K, used 18469K [0x0000000080000000, 0x0000000084080000, 0x00000000d5580000)
  object space 66048K, 27% used [0x0000000080000000,0x00000000812096d0,0x0000000084080000)
 Metaspace       used 46082K, capacity 47814K, committed 48088K, reserved 1091584K
  class space    used 6221K, capacity 6545K, committed 6656K, reserved 1048576K
}

