# JRE version: OpenJDK Runtime Environment (8.0_242-b01) (build 1.8.0_242-release-1644-b01)
# Java VM: OpenJDK 64-Bit Server VM (25.242-b01 mixed mode windows-amd64 compressed oops)
Heap:
 PSYoungGen      total 289792K, used 168049K [0x00000000d5580000, 0x00000000ee880000, 0x0000000100000000)
  eden space 260096K, 53% used [0x00000000d5580000,0x00000000ddcbce70,0x00000000e5380000)
  from space 29696K, 99% used [0x00000000e5380000,0x00000000e707faf8,0x00000000e7080000)
  to   space 41472K, 0% used [0x00000000ec000000,0x00000000ec000000,0x00000000ee880000)
 ParOldGen       total 133120K, used 54904K [0x0000000080000000, 0x0000000088200000, 0x00000000d5580000)
  object space 133120K, 41% used [0x0000000080000000,0x000000008359e050,0x0000000088200000)
 Metaspace       used 90708K, capacity 95434K, committed 95704K, reserved 1132544K
  class space    used 12364K, capacity 13285K, committed 13312K, reserved 1048576K
GC Heap History (10 events):
Event: 32.045 GC heap before
{Heap before GC invocations=12 (full 2):
 PSYoungGen      total 185856K, used 34116K [0x00000000d5580000, 0x00000000e4900000, 0x0000000100000000)
  eden space 172032K, 11% used [0x00000000d5580000,0x00000000d6951cf0,0x00000000dfd80000)
  from space 13824K, 99% used [0x00000000dfd80000,0x00000000e0aff320,0x00000000e0b00000)
  to   space 20480K, 0% used [0x00000000e3500000,0x00000000e3500000,0x00000000e4900000)
 ParOldGen       total 96256K, used 29641K [0x0000000080000000, 0x0000000085e00000, 0x00000000d5580000)
  object space 96256K, 30% used [0x0000000080000000,0x0000000081cf2438,0x0000000085e00000)
 Metaspace       used 56646K, capacity 58912K, committed 59028K, reserved 1099776K
  class space    used 7662K, capacity 8117K, committed 8192K, reserved 1048576K
Event: 32.102 GC heap after
Heap after GC invocations=12 (full 2):
 PSYoungGen      total 227328K, used 16353K [0x00000000d5580000, 0x00000000e5d00000, 0x0000000100000000)
  eden space 206848K, 0% used [0x00000000d5580000,0x00000000d5580000,0x00000000e1f80000)
  from space 20480K, 79% used [0x00000000e3500000,0x00000000e44f8530,0x00000000e4900000)
  to   space 22016K, 0% used [0x00000000e1f80000,0x00000000e1f80000,0x00000000e3500000)
 ParOldGen       total 96256K, used 29649K [0x0000000080000000, 0x0000000085e00000, 0x00000000d5580000)
  object space 96256K, 30% used [0x0000000080000000,0x0000000081cf4438,0x0000000085e00000)
 Metaspace       used 56646K, capacity 58912K, committed 59028K, reserved 1099776K
  class space    used 7662K, capacity 8117K, committed 8192K, reserved 1048576K
}
Event: 32.103 GC heap before
{Heap before GC invocations=13 (full 3):
 PSYoungGen      total 227328K, used 16353K [0x00000000d5580000, 0x00000000e5d00000, 0x0000000100000000)
  eden space 206848K, 0% used [0x00000000d5580000,0x00000000d5580000,0x00000000e1f80000)
  from space 20480K, 79% used [0x00000000e3500000,0x00000000e44f8530,0x00000000e4900000)
  to   space 22016K, 0% used [0x00000000e1f80000,0x00000000e1f80000,0x00000000e3500000)
 ParOldGen       total 96256K, used 29649K [0x0000000080000000, 0x0000000085e00000, 0x00000000d5580000)
  object space 96256K, 30% used [0x0000000080000000,0x0000000081cf4438,0x0000000085e00000)
 Metaspace       used 56646K, capacity 58912K, committed 59028K, reserved 1099776K
  class space    used 7662K, capacity 8117K, committed 8192K, reserved 1048576K
Event: 32.470 GC heap after
Heap after GC invocations=13 (full 3):
 PSYoungGen      total 227328K, used 0K [0x00000000d5580000, 0x00000000e5d00000, 0x0000000100000000)
  eden space 206848K, 0% used [0x00000000d5580000,0x00000000d5580000,0x00000000e1f80000)
  from space 20480K, 0% used [0x00000000e3500000,0x00000000e3500000,0x00000000e4900000)
  to   space 22016K, 0% used [0x00000000e1f80000,0x00000000e1f80000,0x00000000e3500000)
 ParOldGen       total 133120K, used 30436K [0x0000000080000000, 0x0000000088200000, 0x00000000d5580000)
  object space 133120K, 22% used [0x0000000080000000,0x0000000081db9010,0x0000000088200000)
 Metaspace       used 56633K, capacity 58870K, committed 59028K, reserved 1099776K
  class space    used 7658K, capacity 8110K, committed 8192K, reserved 1048576K
}
Event: 40.713 GC heap before
{Heap before GC invocations=14 (full 3):
 PSYoungGen      total 227328K, used 206848K [0x00000000d5580000, 0x00000000e5d00000, 0x0000000100000000)
  eden space 206848K, 100% used [0x00000000d5580000,0x00000000e1f80000,0x00000000e1f80000)
  from space 20480K, 0% used [0x00000000e3500000,0x00000000e3500000,0x00000000e4900000)
  to   space 22016K, 0% used [0x00000000e1f80000,0x00000000e1f80000,0x00000000e3500000)
 ParOldGen       total 133120K, used 30436K [0x0000000080000000, 0x0000000088200000, 0x00000000d5580000)
  object space 133120K, 22% used [0x0000000080000000,0x0000000081db9010,0x0000000088200000)
 Metaspace       used 67052K, capacity 69948K, committed 70104K, reserved 1110016K
  class space    used 9179K, capacity 9727K, committed 9728K, reserved 1048576K
Event: 40.755 GC heap after
Heap after GC invocations=14 (full 3):
 PSYoungGen      total 228864K, used 22004K [0x00000000d5580000, 0x00000000e8f00000, 0x0000000100000000)
  eden space 206848K, 0% used [0x00000000d5580000,0x00000000d5580000,0x00000000e1f80000)
  from space 22016K, 99% used [0x00000000e1f80000,0x00000000e34fd3b0,0x00000000e3500000)
  to   space 27136K, 0% used [0x00000000e7480000,0x00000000e7480000,0x00000000e8f00000)
 ParOldGen       total 133120K, used 35925K [0x0000000080000000, 0x0000000088200000, 0x00000000d5580000)
  object space 133120K, 26% used [0x0000000080000000,0x00000000823154f0,0x0000000088200000)
 Metaspace       used 67052K, capacity 69948K, committed 70104K, reserved 1110016K
  class space    used 9179K, capacity 9727K, committed 9728K, reserved 1048576K
}
Event: 50.933 GC heap before
{Heap before GC invocations=15 (full 3):
 PSYoungGen      total 228864K, used 228852K [0x00000000d5580000, 0x00000000e8f00000, 0x0000000100000000)
  eden space 206848K, 100% used [0x00000000d5580000,0x00000000e1f80000,0x00000000e1f80000)
  from space 22016K, 99% used [0x00000000e1f80000,0x00000000e34fd3b0,0x00000000e3500000)
  to   space 27136K, 0% used [0x00000000e7480000,0x00000000e7480000,0x00000000e8f00000)
 ParOldGen       total 133120K, used 35925K [0x0000000080000000, 0x0000000088200000, 0x00000000d5580000)
  object space 133120K, 26% used [0x0000000080000000,0x00000000823154f0,0x0000000088200000)
 Metaspace       used 72464K, capacity 75648K, committed 75736K, reserved 1114112K
  class space    used 9817K, capacity 10425K, committed 10496K, reserved 1048576K
Event: 50.970 GC heap after
Heap after GC invocations=15 (full 3):
 PSYoungGen      total 285696K, used 23357K [0x00000000d5580000, 0x00000000e8d80000, 0x0000000100000000)
  eden space 260096K, 0% used [0x00000000d5580000,0x00000000d5580000,0x00000000e5380000)
  from space 25600K, 91% used [0x00000000e7480000,0x00000000e8b4f540,0x00000000e8d80000)
  to   space 29696K, 0% used [0x00000000e5380000,0x00000000e5380000,0x00000000e7080000)
 ParOldGen       total 133120K, used 35933K [0x0000000080000000, 0x0000000088200000, 0x00000000d5580000)
  object space 133120K, 26% used [0x0000000080000000,0x00000000823174f0,0x0000000088200000)
 Metaspace       used 72464K, capacity 75648K, committed 75736K, reserved 1114112K
  class space    used 9817K, capacity 10425K, committed 10496K, reserved 1048576K
}
Event: 66.104 GC heap before
{Heap before GC invocations=16 (full 3):
 PSYoungGen      total 285696K, used 283453K [0x00000000d5580000, 0x00000000e8d80000, 0x0000000100000000)
  eden space 260096K, 100% used [0x00000000d5580000,0x00000000e5380000,0x00000000e5380000)
  from space 25600K, 91% used [0x00000000e7480000,0x00000000e8b4f540,0x00000000e8d80000)
  to   space 29696K, 0% used [0x00000000e5380000,0x00000000e5380000,0x00000000e7080000)
 ParOldGen       total 133120K, used 35933K [0x0000000080000000, 0x0000000088200000, 0x00000000d5580000)
  object space 133120K, 26% used [0x0000000080000000,0x00000000823174f0,0x0000000088200000)
 Metaspace       used 81711K, capacity 85246K, committed 85464K, reserved 1122304K
  class space    used 11040K, capacity 11703K, committed 11776K, reserved 1048576K
Event: 66.399 GC heap after
Heap after GC invocations=16 (full 3):
 PSYoungGen      total 289792K, used 29694K [0x00000000d5580000, 0x00000000ee880000, 0x0000000100000000)
  eden space 260096K, 0% used [0x00000000d5580000,0x00000000d5580000,0x00000000e5380000)
  from space 29696K, 99% used [0x00000000e5380000,0x00000000e707faf8,0x00000000e7080000)
  to   space 41472K, 0% used [0x00000000ec000000,0x00000000ec000000,0x00000000ee880000)
 ParOldGen       total 133120K, used 54904K [0x0000000080000000, 0x0000000088200000, 0x00000000d5580000)
  object space 133120K, 41% used [0x0000000080000000,0x000000008359e050,0x0000000088200000)
 Metaspace       used 81711K, capacity 85246K, committed 85464K, reserved 1122304K
  class space    used 11040K, capacity 11703K, committed 11776K, reserved 1048576K
}

